<?xml version="1.0" encoding="UTF-8"?>
<!-- Generated by org.testng.reporters.JUnitReportReporter -->
<testsuite hostname="Balaji" failures="0" tests="2" name="com.aurionpro.runner.RunnerTest" time="63.414" errors="0" timestamp="2022-08-30T13:08:18 IST" skipped="0">
  <testcase classname="com.aurionpro.runner.RunnerTest" name="runScenario" time="38.670"/>
  <system-out/>
  <testcase classname="com.aurionpro.runner.RunnerTest" name="runScenario" time="24.744"/>
  <system-out/>
</testsuite> <!-- com.aurionpro.runner.RunnerTest -->
